{
"/home/pepj/myProj/Assist/src/test/unit/index.js":{"path":"/home/pepj/myProj/Assist/src/test/unit/index.js","statementMap":{"0":{"start":{"line":4,"column":0},"end":{"line":4,"column":33}},"1":{"start":{"line":7,"column":21},"end":{"line":7,"column":64}},"2":{"start":{"line":8,"column":0},"end":{"line":8,"column":42}},"3":{"start":{"line":13,"column":19},"end":{"line":13,"column":78}},"4":{"start":{"line":14,"column":0},"end":{"line":14,"column":38}}},"fnMap":{},"branchMap":{},"s":{"0":1,"1":1,"2":1,"3":1,"4":1},"f":{},"b":{},"_coverageSchema":"332fd63041d2c1bcb487cc26dd0d5f7d97098a6c","hash":"6f1fcdbae330a102ca5f154e6629a9a0ae6b6512","l":{"4":1,"7":1,"8":1,"13":1,"14":1}},
"/home/pepj/myProj/Assist/src/test/unit/specs/Home.spec.js":{"path":"/home/pepj/myProj/Assist/src/test/unit/specs/Home.spec.js","statementMap":{"0":{"start":{"line":8,"column":0},"end":{"line":8,"column":14}},"1":{"start":{"line":10,"column":0},"end":{"line":29,"column":3}},"2":{"start":{"line":11,"column":14},"end":{"line":11,"column":18}},"3":{"start":{"line":12,"column":2},"end":{"line":28,"column":5}},"4":{"start":{"line":13,"column":4},"end":{"line":22,"column":7}},"5":{"start":{"line":16,"column":10},"end":{"line":16,"column":23}},"6":{"start":{"line":19,"column":10},"end":{"line":19,"column":22}},"7":{"start":{"line":23,"column":20},"end":{"line":23,"column":42}},"8":{"start":{"line":24,"column":23},"end":{"line":24,"column":49}},"9":{"start":{"line":25,"column":4},"end":{"line":25,"column":64}},"10":{"start":{"line":26,"column":4},"end":{"line":26,"column":58}},"11":{"start":{"line":27,"column":4},"end":{"line":27,"column":65}}},"fnMap":{"0":{"name":"(anonymous_0)","decl":{"start":{"line":10,"column":21},"end":{"line":10,"column":22}},"loc":{"start":{"line":10,"column":27},"end":{"line":29,"column":1}},"line":10},"1":{"name":"(anonymous_1)","decl":{"start":{"line":12,"column":39},"end":{"line":12,"column":40}},"loc":{"start":{"line":12,"column":45},"end":{"line":28,"column":3}},"line":12}},"branchMap":{},"s":{"0":1,"1":1,"2":1,"3":1,"4":1,"5":1,"6":0,"7":1,"8":1,"9":1,"10":1,"11":1},"f":{"0":1,"1":1},"b":{},"_coverageSchema":"332fd63041d2c1bcb487cc26dd0d5f7d97098a6c","hash":"6c510bba29a452a3d580fd9f9d49c3471972a885","l":{"8":1,"10":1,"11":1,"12":1,"13":1,"16":1,"19":0,"23":1,"24":1,"25":1,"26":1,"27":1}},
"/home/pepj/myProj/Assist/src/src/components/Home.vue":{"path":"/home/pepj/myProj/Assist/src/src/components/Home.vue","statementMap":{"0":{"start":{"line":15,"column":4},"end":{"line":17,"column":5}},"1":{"start":{"line":16,"column":6},"end":{"line":16,"column":46}},"2":{"start":{"line":21,"column":6},"end":{"line":23,"column":7}},"3":{"start":{"line":22,"column":8},"end":{"line":22,"column":48}},"4":{"start":{"line":28,"column":4},"end":{"line":58,"column":6}}},"fnMap":{},"branchMap":{"0":{"loc":{"start":{"line":15,"column":4},"end":{"line":17,"column":5}},"type":"if","locations":[{"start":{"line":15,"column":4},"end":{"line":17,"column":5}},{"start":{"line":15,"column":4},"end":{"line":17,"column":5}}],"line":15},"1":{"loc":{"start":{"line":21,"column":6},"end":{"line":23,"column":7}},"type":"if","locations":[{"start":{"line":21,"column":6},"end":{"line":23,"column":7}},{"start":{"line":21,"column":6},"end":{"line":23,"column":7}}],"line":21}},"s":{"0":1,"1":0,"2":0,"3":0,"4":1},"f":{},"b":{"0":[0,1],"1":[0,0]},"inputSourceMap":{"version":3,"sources":["Home.vue"],"names":[],"mappings":";AACA;AACA;AACA;;AAEA;AACA;AACA;AACA;AACA;AACA;AACA;AACA;AACA;AACA;AACA;AACA;AACA;AACA;AACA;AACA;AACA;AACA;AACA;AACA;AACA;AACA;AACA;AACA;AACA;AACA;AACA;AACA;AACA;AACA;AACA;AACA;AACA;AACA;AACA;AACA;AACA;AACA;AACA;AACA;AACA;AACA;AACA;AACA;AACA;AACA;AACA;AACA;AACA;AACA;AACA;AACA;AACA;AACA;AACA","sourceRoot":"src/src/components","sourcesContent":["<script>\n/* eslint-disable no-unused-vars */\nimport { mapGetters } from 'vuex';\n/* eslint-enable no-unused-vars */\n\nexport default {\n  name: 'Home',\n  computed: {\n    ...mapGetters({\n      isLoggedIn: 'isLoggedIn',\n      team: 'teamId',\n    }),\n  },\n  mounted() {\n    if (this.isLoggedIn) {\n      this.$router.push(`/team/${this.team}`);\n    }\n  },\n  watch: {\n    isLoggedIn(val) {\n      if (val) {\n        this.$router.push(`/team/${this.team}`);\n      }\n    },\n  },\n  // eslint-disable-next-line\n  render(h) {\n    return (\n      <div class=\"HomeContainer\">\n        <div class=\"Card\">\n          <div class=\"CardTitle\">Welcome to Assist!</div>\n          <div class=\"CardBody\">\n            <p> This tool helps <a href=\"https://www.buzzerbeater.com\" target=\"_blank\">BuzzerBeater</a>'s users\n            to prepare their games better by giving them statistics on their next opponents.\n            </p>\n            <p> This site has no official affiliation with <a href=\"https://www.buzzerbeater.com\" target=\"_blank\">BuzzerBeater</a></p>\n          </div>\n        </div>\n        <div class=\"Card\">\n          <div class=\"CardTitle\">What's this?</div>\n          <div class=\"CardBody\">\n            <p> Full statistics on your next opponent (strategies used, game ratings, player's\n                statistics, etc...), statistics of your league by team and by player, aids to\n                setup your team's lineup, a tool for calculating salary (Thanks to Joey Ka\n                for his formulas). In a sentence a tool to prepare your game better!.\n            </p>\n          </div>\n        </div>\n        <div class=\"Card\">\n          <div class=\"CardTitle\">What's BuzzerBeater</div>\n          <div class=\"CardBody\">\n            <p> <a href=\"https://www.buzzerbeater.com\" target=\"_blank\">BuzzerBeater</a>, the world's\n                largest free online basketball manager game. Can you beat the buzzer? Sign up now to\n                play against the greatest basketball managers in the world! </p>\n          </div>\n        </div>\n      </div>\n    );\n  },\n};\n</script>\n\n<style lang=\"scss\" scoped>\n@import '../styles/colors.scss';\n@import '../styles/mediaMixin.scss';\n\n.HomeContainer {\n  display: flex;\n  flex-flow: row wrap;\n  justify-content: space-around;\n  align-items: center;\n  .Card {\n    min-width: 95%;\n    min-height: 50px;\n    border: 1px solid $border-alpha12;\n    border-radius: 2px;\n    margin: 6px 0;\n    box-shadow: $shadow;\n    .CardTitle {\n      font-size: 25px;\n      margin: 16px 8px;\n      text-align: center;\n      font-weight: bold;\n    }\n    .CardBody {\n      margin: 8px;\n      font-size: 14px;\n    }\n  }\n}\n\n@include tablet-desktop {\n  .HomeContainer {\n    .Card {\n      min-width: 0;\n      max-width: 350px;\n    }\n  }\n}\n</style>\n"]},"_coverageSchema":"332fd63041d2c1bcb487cc26dd0d5f7d97098a6c","hash":"6a32a44df0b89694bc0f0a239d9813b6879eefff","l":{"15":1,"16":0,"21":0,"22":0,"28":1}},
"/home/pepj/myProj/Assist/src/test/unit/specs/Login.spec.js":{"path":"/home/pepj/myProj/Assist/src/test/unit/specs/Login.spec.js","statementMap":{"0":{"start":{"line":8,"column":0},"end":{"line":8,"column":14}},"1":{"start":{"line":10,"column":0},"end":{"line":92,"column":3}},"2":{"start":{"line":11,"column":20},"end":{"line":13,"column":3}},"3":{"start":{"line":14,"column":20},"end":{"line":17,"column":3}},"4":{"start":{"line":18,"column":14},"end":{"line":18,"column":18}},"5":{"start":{"line":19,"column":16},"end":{"line":19,"column":20}},"6":{"start":{"line":20,"column":2},"end":{"line":31,"column":5}},"7":{"start":{"line":21,"column":4},"end":{"line":28,"column":7}},"8":{"start":{"line":24,"column":10},"end":{"line":24,"column":44}},"9":{"start":{"line":29,"column":4},"end":{"line":29,"column":37}},"10":{"start":{"line":30,"column":4},"end":{"line":30,"column":31}},"11":{"start":{"line":32,"column":2},"end":{"line":38,"column":5}},"12":{"start":{"line":33,"column":4},"end":{"line":33,"column":38}},"13":{"start":{"line":34,"column":21},"end":{"line":34,"column":49}},"14":{"start":{"line":35,"column":18},"end":{"line":35,"column":43}},"15":{"start":{"line":36,"column":4},"end":{"line":36,"column":59}},"16":{"start":{"line":37,"column":4},"end":{"line":37,"column":61}},"17":{"start":{"line":39,"column":2},"end":{"line":55,"column":5}},"18":{"start":{"line":40,"column":4},"end":{"line":40,"column":38}},"19":{"start":{"line":41,"column":4},"end":{"line":41,"column":38}},"20":{"start":{"line":42,"column":18},"end":{"line":42,"column":36}},"21":{"start":{"line":43,"column":18},"end":{"line":43,"column":39}},"22":{"start":{"line":44,"column":19},"end":{"line":44,"column":42}},"23":{"start":{"line":45,"column":21},"end":{"line":45,"column":49}},"24":{"start":{"line":46,"column":18},"end":{"line":46,"column":43}},"25":{"start":{"line":47,"column":4},"end":{"line":47,"column":57}},"26":{"start":{"line":48,"column":4},"end":{"line":48,"column":47}},"27":{"start":{"line":49,"column":4},"end":{"line":49,"column":50}},"28":{"start":{"line":50,"column":4},"end":{"line":50,"column":48}},"29":{"start":{"line":51,"column":4},"end":{"line":51,"column":48}},"30":{"start":{"line":52,"column":4},"end":{"line":52,"column":48}},"31":{"start":{"line":53,"column":4},"end":{"line":53,"column":70}},"32":{"start":{"line":54,"column":4},"end":{"line":54,"column":57}},"33":{"start":{"line":56,"column":2},"end":{"line":64,"column":5}},"34":{"start":{"line":57,"column":4},"end":{"line":57,"column":38}},"35":{"start":{"line":58,"column":4},"end":{"line":58,"column":38}},"36":{"start":{"line":60,"column":4},"end":{"line":60,"column":58}},"37":{"start":{"line":61,"column":4},"end":{"line":61,"column":50}},"38":{"start":{"line":63,"column":4},"end":{"line":63,"column":54}},"39":{"start":{"line":65,"column":2},"end":{"line":73,"column":5}},"40":{"start":{"line":66,"column":4},"end":{"line":66,"column":38}},"41":{"start":{"line":67,"column":4},"end":{"line":67,"column":38}},"42":{"start":{"line":69,"column":4},"end":{"line":69,"column":58}},"43":{"start":{"line":70,"column":4},"end":{"line":70,"column":59}},"44":{"start":{"line":72,"column":4},"end":{"line":72,"column":54}},"45":{"start":{"line":74,"column":2},"end":{"line":82,"column":5}},"46":{"start":{"line":75,"column":4},"end":{"line":75,"column":38}},"47":{"start":{"line":76,"column":4},"end":{"line":76,"column":38}},"48":{"start":{"line":78,"column":4},"end":{"line":78,"column":58}},"49":{"start":{"line":79,"column":4},"end":{"line":79,"column":48}},"50":{"start":{"line":81,"column":4},"end":{"line":81,"column":54}},"51":{"start":{"line":83,"column":2},"end":{"line":91,"column":5}},"52":{"start":{"line":84,"column":4},"end":{"line":84,"column":38}},"53":{"start":{"line":85,"column":4},"end":{"line":85,"column":38}},"54":{"start":{"line":87,"column":4},"end":{"line":87,"column":52}},"55":{"start":{"line":88,"column":4},"end":{"line":88,"column":48}},"56":{"start":{"line":90,"column":4},"end":{"line":90,"column":48}}},"fnMap":{"0":{"name":"(anonymous_0)","decl":{"start":{"line":10,"column":22},"end":{"line":10,"column":23}},"loc":{"start":{"line":10,"column":28},"end":{"line":92,"column":1}},"line":10},"1":{"name":"(anonymous_1)","decl":{"start":{"line":20,"column":13},"end":{"line":20,"column":14}},"loc":{"start":{"line":20,"column":19},"end":{"line":31,"column":3}},"line":20},"2":{"name":"(anonymous_2)","decl":{"start":{"line":32,"column":44},"end":{"line":32,"column":45}},"loc":{"start":{"line":32,"column":50},"end":{"line":38,"column":3}},"line":32},"3":{"name":"(anonymous_3)","decl":{"start":{"line":39,"column":39},"end":{"line":39,"column":40}},"loc":{"start":{"line":39,"column":45},"end":{"line":55,"column":3}},"line":39},"4":{"name":"(anonymous_4)","decl":{"start":{"line":56,"column":39},"end":{"line":56,"column":40}},"loc":{"start":{"line":56,"column":45},"end":{"line":64,"column":3}},"line":56},"5":{"name":"(anonymous_5)","decl":{"start":{"line":65,"column":29},"end":{"line":65,"column":30}},"loc":{"start":{"line":65,"column":35},"end":{"line":73,"column":3}},"line":65},"6":{"name":"(anonymous_6)","decl":{"start":{"line":74,"column":34},"end":{"line":74,"column":35}},"loc":{"start":{"line":74,"column":40},"end":{"line":82,"column":3}},"line":74},"7":{"name":"(anonymous_7)","decl":{"start":{"line":83,"column":50},"end":{"line":83,"column":51}},"loc":{"start":{"line":83,"column":56},"end":{"line":91,"column":3}},"line":83}},"branchMap":{},"s":{"0":1,"1":1,"2":1,"3":1,"4":1,"5":1,"6":1,"7":6,"8":6,"9":6,"10":6,"11":1,"12":1,"13":1,"14":1,"15":1,"16":1,"17":1,"18":1,"19":1,"20":1,"21":1,"22":1,"23":1,"24":1,"25":1,"26":1,"27":1,"28":1,"29":1,"30":1,"31":1,"32":1,"33":1,"34":1,"35":1,"36":1,"37":1,"38":1,"39":1,"40":1,"41":1,"42":1,"43":1,"44":1,"45":1,"46":1,"47":1,"48":1,"49":1,"50":1,"51":1,"52":1,"53":1,"54":1,"55":1,"56":1},"f":{"0":1,"1":6,"2":1,"3":1,"4":1,"5":1,"6":1,"7":1},"b":{},"_coverageSchema":"332fd63041d2c1bcb487cc26dd0d5f7d97098a6c","hash":"1c9c371e3e5875c62aef300ac3665138f6a99bc4","l":{"8":1,"10":1,"11":1,"14":1,"18":1,"19":1,"20":1,"21":6,"24":6,"29":6,"30":6,"32":1,"33":1,"34":1,"35":1,"36":1,"37":1,"39":1,"40":1,"41":1,"42":1,"43":1,"44":1,"45":1,"46":1,"47":1,"48":1,"49":1,"50":1,"51":1,"52":1,"53":1,"54":1,"56":1,"57":1,"58":1,"60":1,"61":1,"63":1,"65":1,"66":1,"67":1,"69":1,"70":1,"72":1,"74":1,"75":1,"76":1,"78":1,"79":1,"81":1,"83":1,"84":1,"85":1,"87":1,"88":1,"90":1}},
"/home/pepj/myProj/Assist/src/src/components/Login.vue":{"path":"/home/pepj/myProj/Assist/src/src/components/Login.vue","statementMap":{"0":{"start":{"line":9,"column":4},"end":{"line":12,"column":6}},"1":{"start":{"line":22,"column":6},"end":{"line":22,"column":21}},"2":{"start":{"line":23,"column":6},"end":{"line":23,"column":21}},"3":{"start":{"line":24,"column":6},"end":{"line":24,"column":33}},"4":{"start":{"line":29,"column":4},"end":{"line":66,"column":6}},"5":{"start":{"line":32,"column":10},"end":{"line":32,"column":37}},"6":{"start":{"line":53,"column":16},"end":{"line":56,"column":19}},"7":{"start":{"line":57,"column":16},"end":{"line":57,"column":29}},"8":{"start":{"line":60,"column":16},"end":{"line":60,"column":29}}},"fnMap":{"0":{"name":"(anonymous_0)","decl":{"start":{"line":31,"column":71},"end":{"line":31,"column":72}},"loc":{"start":{"line":31,"column":77},"end":{"line":33,"column":9}},"line":31},"1":{"name":"(anonymous_1)","decl":{"start":{"line":52,"column":44},"end":{"line":52,"column":45}},"loc":{"start":{"line":52,"column":50},"end":{"line":58,"column":15}},"line":52},"2":{"name":"(anonymous_2)","decl":{"start":{"line":59,"column":44},"end":{"line":59,"column":45}},"loc":{"start":{"line":59,"column":50},"end":{"line":61,"column":15}},"line":59}},"branchMap":{},"s":{"0":6,"1":3,"2":3,"3":3,"4":10,"5":1,"6":1,"7":1,"8":1},"f":{"0":1,"1":1,"2":1},"b":{},"inputSourceMap":{"version":3,"sources":["Login.vue"],"names":[],"mappings":";AACA;AACA;AACA;;AAEA;AACA;AACA;AACA;AACA;AACA;AACA;AACA;AACA;AACA;AACA;AACA;AACA;AACA;AACA;AACA;AACA;AACA;AACA;AACA;AACA;AACA;AACA;AACA;AACA;AACA;AACA;AACA;AACA;AACA;AACA;AACA;AACA;AACA;AACA;AACA;AACA;AACA;AACA;AACA;AACA;AACA;AACA;AACA;AACA;AACA;AACA;AACA;AACA;AACA;AACA;AACA;AACA;AACA;AACA;AACA;AACA;AACA;AACA;AACA;AACA;AACA;AACA","sourceRoot":"src/src/components","sourcesContent":["<script>\n/* eslint-disable no-unused-vars */\nimport { mapGetters, mapMutations } from 'vuex';\n/* eslint-enable no-unused-vars */\n\nexport default {\n  name: 'Login',\n  data() {\n    return {\n      user: '',\n      pass: '',\n    };\n  },\n  computed: {\n    ...mapGetters({\n      loginModal: 'isOpenLoginModal',\n    }),\n  },\n  methods: {\n    ...mapMutations(['logInOut', 'openCloseLogin']),\n    close() {\n      this.user = '';\n      this.pass = '';\n      this.openCloseLogin(false);\n    },\n  },\n  // eslint-disable-next-line\n  render(h) {\n    return (\n      <div>\n        <div class={{ Backdrop: true, in: this.loginModal }} onClick={ () => {\n          this.openCloseLogin(false);\n        }}>\n        </div>\n        <div class={{ Modal: true, in: this.loginModal }}>\n          <div class=\"Login\">\n            <div class=\"ModalHeader\">\n              <div onClick={this.close}>\n                <i class=\"fas fa-times\"></i>\n              </div>\n            </div>\n            <div class=\"ModalBody\">\n              <form>\n                <h2>Log in</h2>\n                <label for=\"username\">User Name</label>\n                <input type=\"text\" name=\"username\" placehoder=\"Username\" autocomplete=\"username\" v-model={this.user} />\n                <label for=\"bbcode\">BB Code</label>\n                <input type=\"password\" name=\"bbcode\" placehoder=\"Password\" autocomplete=\"current-password\" v-model={this.pass} />\n              </form>\n            </div>\n            <div class=\"ModalFooter\">\n              <div class=\"Button\" onClick={ () => {\n                this.logInOut({\n                  username: this.user,\n                  code: this.pass,\n                });\n                this.close();\n              }}>Log In</div>\n              <div class=\"Button\" onClick={ () => {\n                this.close();\n              }}>Cancel</div>\n            </div>\n          </div>\n        </div>\n      </div>\n    );\n  },\n};\n</script>\n<style lang=\"scss\" scoped>\n@import '../styles/colors.scss';\n\n.Login {\n  position: relative;\n  border-radius: 1px;\n  padding: 6px;\n  margin-left: auto;\n  margin-right: auto;\n  border: 1px solid $border-alpha03;\n  label {\n    font-weight: 400;\n    font-size: 13px;\n    padding-left: 5px;\n    padding-bottom: 5px;\n    color: $border-alpha03;\n    display: block;\n  }\n  input {\n    width: 98%;\n    margin-bottom: 5px;\n  }\n}\n.ModalHeader {\n  display: flex;\n  flex-flow: row-reverse nowrap;\n  align-items: center;\n  min-height: 25px;\n  margin: 2px 8px;\n  font-size: 0.8em;\n  color: $border-alpha12;\n}\nh2 {\n  margin-top: 0;\n  text-align: center;\n  font-size: 20px;\n  font-weight: normal;\n}\n.ModalFooter {\n  display: flex;\n  flex-flow: row nowrap;\n  justify-content: flex-end;\n  align-items: center;\n  min-height: 25px;\n  margin: 16px 0 8px 0;\n  .Button {\n    border: 2px solid $border-alpha12;\n    border-radius: 2px;\n    color: rgba(10,10,10, 0.85);\n    font-size: 13px;\n    margin: 4px 6px;\n    padding: 4px 8px;\n    cursor: pointer;\n    font-weight: 600;\n    &:hover {\n      background-color: rgba(10,10,10,0.2);\n    }\n  }\n}\n</style>\n"]},"_coverageSchema":"332fd63041d2c1bcb487cc26dd0d5f7d97098a6c","hash":"118d877daeb5941e6191fbaaf3ce163055840f1c","l":{"9":6,"22":3,"23":3,"24":3,"29":10,"32":1,"53":1,"57":1,"60":1}},
"/home/pepj/myProj/Assist/src/test/unit/specs/TitleBar.spec.js":{"path":"/home/pepj/myProj/Assist/src/test/unit/specs/TitleBar.spec.js","statementMap":{"0":{"start":{"line":8,"column":0},"end":{"line":8,"column":14}},"1":{"start":{"line":10,"column":0},"end":{"line":53,"column":3}},"2":{"start":{"line":11,"column":20},"end":{"line":13,"column":3}},"3":{"start":{"line":14,"column":20},"end":{"line":17,"column":3}},"4":{"start":{"line":18,"column":14},"end":{"line":18,"column":18}},"5":{"start":{"line":19,"column":16},"end":{"line":19,"column":20}},"6":{"start":{"line":20,"column":2},"end":{"line":29,"column":5}},"7":{"start":{"line":21,"column":4},"end":{"line":28,"column":7}},"8":{"start":{"line":24,"column":10},"end":{"line":24,"column":36}},"9":{"start":{"line":30,"column":2},"end":{"line":41,"column":5}},"10":{"start":{"line":31,"column":4},"end":{"line":31,"column":41}},"11":{"start":{"line":32,"column":18},"end":{"line":32,"column":40}},"12":{"start":{"line":33,"column":4},"end":{"line":33,"column":49}},"13":{"start":{"line":34,"column":19},"end":{"line":34,"column":47}},"14":{"start":{"line":35,"column":4},"end":{"line":35,"column":48}},"15":{"start":{"line":37,"column":4},"end":{"line":37,"column":58}},"16":{"start":{"line":38,"column":4},"end":{"line":38,"column":54}},"17":{"start":{"line":40,"column":4},"end":{"line":40,"column":54}},"18":{"start":{"line":42,"column":2},"end":{"line":52,"column":5}},"19":{"start":{"line":43,"column":4},"end":{"line":43,"column":30}},"20":{"start":{"line":44,"column":4},"end":{"line":44,"column":41}},"21":{"start":{"line":45,"column":19},"end":{"line":45,"column":47}},"22":{"start":{"line":46,"column":4},"end":{"line":46,"column":49}},"23":{"start":{"line":48,"column":4},"end":{"line":48,"column":52}},"24":{"start":{"line":49,"column":4},"end":{"line":49,"column":54}},"25":{"start":{"line":51,"column":4},"end":{"line":51,"column":48}}},"fnMap":{"0":{"name":"(anonymous_0)","decl":{"start":{"line":10,"column":25},"end":{"line":10,"column":26}},"loc":{"start":{"line":10,"column":31},"end":{"line":53,"column":1}},"line":10},"1":{"name":"(anonymous_1)","decl":{"start":{"line":20,"column":13},"end":{"line":20,"column":14}},"loc":{"start":{"line":20,"column":19},"end":{"line":29,"column":3}},"line":20},"2":{"name":"(anonymous_2)","decl":{"start":{"line":30,"column":50},"end":{"line":30,"column":51}},"loc":{"start":{"line":30,"column":56},"end":{"line":41,"column":3}},"line":30},"3":{"name":"(anonymous_3)","decl":{"start":{"line":42,"column":51},"end":{"line":42,"column":52}},"loc":{"start":{"line":42,"column":57},"end":{"line":52,"column":3}},"line":42}},"branchMap":{},"s":{"0":1,"1":1,"2":1,"3":1,"4":1,"5":1,"6":1,"7":2,"8":2,"9":1,"10":1,"11":1,"12":1,"13":1,"14":1,"15":1,"16":1,"17":1,"18":1,"19":1,"20":1,"21":1,"22":1,"23":1,"24":1,"25":1},"f":{"0":1,"1":2,"2":1,"3":1},"b":{},"_coverageSchema":"332fd63041d2c1bcb487cc26dd0d5f7d97098a6c","hash":"53ddaf8fbb180a7b4086bdb7a8f9c4830e768e3e","l":{"8":1,"10":1,"11":1,"14":1,"18":1,"19":1,"20":1,"21":2,"24":2,"30":1,"31":1,"32":1,"33":1,"34":1,"35":1,"37":1,"38":1,"40":1,"42":1,"43":1,"44":1,"45":1,"46":1,"48":1,"49":1,"51":1}},
"/home/pepj/myProj/Assist/src/src/components/TitleBar.vue":{"path":"/home/pepj/myProj/Assist/src/src/components/TitleBar.vue","statementMap":{"0":{"start":{"line":9,"column":4},"end":{"line":14,"column":6}},"1":{"start":{"line":22,"column":4},"end":{"line":26,"column":5}},"2":{"start":{"line":23,"column":6},"end":{"line":23,"column":38}},"3":{"start":{"line":25,"column":6},"end":{"line":25,"column":37}},"4":{"start":{"line":34,"column":6},"end":{"line":39,"column":12}},"5":{"start":{"line":35,"column":8},"end":{"line":35,"column":34}},"6":{"start":{"line":42,"column":6},"end":{"line":47,"column":12}},"7":{"start":{"line":43,"column":8},"end":{"line":43,"column":24}},"8":{"start":{"line":49,"column":4},"end":{"line":55,"column":6}}},"fnMap":{"0":{"name":"(anonymous_0)","decl":{"start":{"line":34,"column":42},"end":{"line":34,"column":43}},"loc":{"start":{"line":34,"column":48},"end":{"line":36,"column":7}},"line":34},"1":{"name":"(anonymous_1)","decl":{"start":{"line":42,"column":42},"end":{"line":42,"column":43}},"loc":{"start":{"line":42,"column":48},"end":{"line":44,"column":7}},"line":42}},"branchMap":{"0":{"loc":{"start":{"line":22,"column":4},"end":{"line":26,"column":5}},"type":"if","locations":[{"start":{"line":22,"column":4},"end":{"line":26,"column":5}},{"start":{"line":22,"column":4},"end":{"line":26,"column":5}}],"line":22},"1":{"loc":{"start":{"line":53,"column":10},"end":{"line":53,"column":54}},"type":"cond-expr","locations":[{"start":{"line":53,"column":28},"end":{"line":53,"column":40}},{"start":{"line":53,"column":43},"end":{"line":53,"column":54}}],"line":53}},"s":{"0":2,"1":2,"2":1,"3":1,"4":4,"5":1,"6":4,"7":1,"8":4},"f":{"0":1,"1":1},"b":{"0":[1,1],"1":[2,2]},"inputSourceMap":{"version":3,"sources":["TitleBar.vue"],"names":[],"mappings":";AACA;AACA;AACA;;AAEA;AACA;AACA;AACA;AACA;AACA;AACA;AACA;AACA;AACA;AACA;AACA;AACA;AACA;AACA;AACA;AACA;AACA;AACA;AACA;AACA;AACA;AACA;AACA;AACA;AACA;AACA;AACA;AACA;AACA;AACA;AACA;AACA;AACA;AACA;AACA;AACA;AACA;AACA;AACA;AACA;AACA;AACA;AACA;AACA;AACA;AACA;AACA;AACA;AACA;AACA;AACA","sourceRoot":"src/src/components","sourcesContent":["<script>\n/* eslint-disable no-unused-vars */\nimport { mapGetters, mapMutations } from 'vuex';\n/* eslint-enable no-unused-vars */\n\nexport default {\n  name: 'TopBar',\n  data() {\n    return {\n      login: {\n        user: '',\n        pass: '',\n      },\n    };\n  },\n  computed: {\n    ...mapGetters({\n      isLoggedIn: 'isLoggedIn',\n    }),\n  },\n  mounted() {\n    if (this.isLoggedIn) {\n      this.button = this.logOutButton;\n    } else {\n      this.button = this.logInButton;\n    }\n  },\n  methods: {\n    ...mapMutations(['logInOut', 'openCloseLogin']),\n  },\n  // eslint-disable-next-line\n  render(h) {\n    const logInButton = (\n      <div class=\"SignInButton\" onClick={ () => {\n        this.openCloseLogin(true);\n      }}>\n        <svg class=\"TitleIcon\" xmlns=\"http://www.w3.org/2000/svg\" viewBox=\"0 0 512 512\"><path d=\"M416 448h-84c-6.6 0-12-5.4-12-12v-40c0-6.6 5.4-12 12-12h84c17.7 0 32-14.3 32-32V160c0-17.7-14.3-32-32-32h-84c-6.6 0-12-5.4-12-12V76c0-6.6 5.4-12 12-12h84c53 0 96 43 96 96v192c0 53-43 96-96 96zm-47-201L201 79c-15-15-41-4.5-41 17v96H24c-13.3 0-24 10.7-24 24v96c0 13.3 10.7 24 24 24h136v96c0 21.5 26 32 41 17l168-168c9.3-9.4 9.3-24.6 0-34z\" fill=\"white\"/></svg>\n        <div class=\"TitleButton\">Log In</div>\n      </div>\n    );\n    const logOutButton = (\n      <div class=\"SignInButton\" onClick={ () => {\n        this.logInOut();\n      }}>\n        <svg class=\"TitleIcon\" xmlns=\"http://www.w3.org/2000/svg\" viewBox=\"0 0 512 512\"><path d=\"M497 273L329 441c-15 15-41 4.5-41-17v-96H152c-13.3 0-24-10.7-24-24v-96c0-13.3 10.7-24 24-24h136V88c0-21.4 25.9-32 41-17l168 168c9.3 9.4 9.3 24.6 0 34zM192 436v-40c0-6.6-5.4-12-12-12H96c-17.7 0-32-14.3-32-32V160c0-17.7 14.3-32 32-32h84c6.6 0 12-5.4 12-12V76c0-6.6-5.4-12-12-12H96c-53 0-96 43-96 96v192c0 53 43 96 96 96h84c6.6 0 12-5.4 12-12z\" fill=\"white\"/></svg>\n        <div class=\"TitleButton\">Log Out</div>\n      </div>\n    );\n    return (\n      <div class=\"TopBar\">\n        <div class=\"Title\">Assist 2</div>\n        <div class=\"FreeSpace\"></div>\n        { this.isLoggedIn ? logOutButton : logInButton }\n      </div>\n    );\n  },\n};\n</script>\n\n<style lang=\"scss\" scoped>\n@import '../styles/colors.scss';\n@import '../styles/mediaMixin.scss';\n\n.TopBar {\n  background-color: $blue-cavaliers;\n  margin: 0;\n  min-height: 75px;\n  max-height: 75px;\n  padding: 4px 4px 4px 16px;\n  display: flex;\n  flex-flow: row nowrap;\n  align-items: center;\n  border-bottom: 1px solid $border-alpha12;\n  box-shadow: $shadow;\n}\n.Title {\n  min-height: 65px;\n  max-height: 65px;\n  font-family: BillyOhio;\n  font-size: 60px;\n  color: $title-color;\n}\n.SignInButton {\n  margin-right: 8px;\n  min-height: 65px;\n  max-height: 65px;\n  color: $title-color;\n  font-size: 2em;\n  display: flex;\n  flex-flow: row nowrap;\n  align-items: center;\n  cursor: pointer;\n}\n.TitleIcon {\n  margin-right: 8px;\n  margin-left: 8px;\n  height: 40px;\n}\n.TitleButton {\n  display: none;\n  margin-right: 8px;\n  font-size: 25px;\n}\n\n@include tablet-desktop {\n  .TitleButton {\n    display: block;\n  }\n  .TitleIcon {\n    display: none;\n  }\n}\n</style>\n"]},"_coverageSchema":"332fd63041d2c1bcb487cc26dd0d5f7d97098a6c","hash":"77e7bf79f1d61d21649223ac3e896044e7fc4af8","l":{"9":2,"22":2,"23":1,"25":1,"34":4,"35":1,"42":4,"43":1,"49":4}},
"/home/pepj/myProj/Assist/src/src/App.vue":{"path":"/home/pepj/myProj/Assist/src/src/App.vue","statementMap":{"0":{"start":{"line":13,"column":4},"end":{"line":21,"column":6}}},"fnMap":{},"branchMap":{},"s":{"0":0},"f":{},"b":{},"inputSourceMap":{"version":3,"sources":["App.vue"],"names":[],"mappings":";;AAEA;;AAEA;AACA;AACA;;AAEA;AACA;AACA;AACA;AACA;AACA;AACA;AACA;AACA;AACA;AACA;AACA;AACA;AACA;AACA","sourceRoot":"src/src","sourcesContent":["\n<script>\n/* eslint-disable no-unused-vars */\n\nimport TitleBar from '@/components/TitleBar';\nimport Login from '@/components/Login';\n/* eslint-enable no-unused-vars */\n\nexport default {\n  name: 'MainApp',\n  // eslint-disable-next-line\n  render(h) {\n    return (\n      <div class=\"MainContainer\">\n        <Login />\n        <TitleBar/>\n        <div class=\"BodyWrapper\">\n          <router-view/>\n        </div>\n      </div>\n    );\n  },\n};\n</script>\n\n<style lang=\"scss\">\n\n@import './styles/mediaMixin.scss';\n@import './styles/colors.scss';\n\n@font-face {\n  font-family: BillyOhio;\n  src: url(./fonts/BillyOhio.ttf);\n}\nbody {\n  background-color: #efefef;\n  font-family: sans-serif;\n  margin: 0;\n  min-height: 100vh;\n}\n#assist {\n  font-family: 'Avenir', Helvetica, Arial, sans-serif;\n  -webkit-font-smoothing: antialiased;\n  -moz-osx-font-smoothing: grayscale;\n  text-align: center;\n  color: #9ec9f5;\n  margin-top: 60px;\n}\n.MainContainer {\n  background-color: #ffffff;\n  min-width: 100%;\n  min-height: 100vh;\n  box-shadow: $shadow;\n}\n.BodyWrapper {\n  margin: 16px 8px 0 8px;\n  height: fit-content;\n  padding-bottom: 16px;\n}\n.FreeSpace {\n  flex-grow: 1;\n}\n.Backdrop {\n  background-color: rgba(0,0,0,0);\n  position: fixed;\n  visibility: hidden;\n  top: 0;\n  left: 0;\n  min-width: 100%;\n  min-height: 100%;\n  flex-flow: column nowrap;\n  justify-content: center;\n  align-items: center;\n  transition: all 0.3s ease-in;\n  z-index: 0;\n  &.in {\n    z-index: 10;\n    visibility: visible;\n    background-color: rgba(0,0,0,0.6);\n  }\n}\n.Modal {\n  background-color: #fefefe;\n  padding: 2px;\n  position: fixed;\n  top: -100vh;\n  margin: 5% auto;\n  max-width: 300px;\n  left: 0;\n  right: 0;\n  transition: all 0.6s ease-in-out;\n  z-index: 0;\n  border-radius: 2px;\n  box-shadow: $shadow;\n  &.in {\n    z-index: 15;\n    top: 80px;\n  }\n}\n\n@include tablet-desktop {\n  body{\n    display: flex;\n    flex-flow: row nowrap;\n    justify-content: center;\n    align-items: flex-start;\n  }\n  .MainContainer {\n    border-left: 1px solid $border-alpha03;\n    border-right: 1px solid $border-alpha03;\n  }\n}\n\n@include tablet {\n  .MainContainer {\n    min-width: 650px;\n    max-width: 650px;\n  }\n}\n\n@include desktop {\n  .MainContainer {\n    min-width: 900px;\n    max-width: 900px;\n  }\n}\n\n</style>\n\n"]},"_coverageSchema":"332fd63041d2c1bcb487cc26dd0d5f7d97098a6c","hash":"7fbbd626171295dfa650769d60cd31d4040450bb","l":{"13":0}},
"/home/pepj/myProj/Assist/src/src/components/Team.vue":{"path":"/home/pepj/myProj/Assist/src/src/components/Team.vue","statementMap":{"0":{"start":{"line":15,"column":6},"end":{"line":17,"column":7}},"1":{"start":{"line":16,"column":8},"end":{"line":16,"column":31}},"2":{"start":{"line":21,"column":4},"end":{"line":23,"column":5}},"3":{"start":{"line":22,"column":6},"end":{"line":22,"column":29}},"4":{"start":{"line":27,"column":4},"end":{"line":43,"column":6}}},"fnMap":{},"branchMap":{"0":{"loc":{"start":{"line":15,"column":6},"end":{"line":17,"column":7}},"type":"if","locations":[{"start":{"line":15,"column":6},"end":{"line":17,"column":7}},{"start":{"line":15,"column":6},"end":{"line":17,"column":7}}],"line":15},"1":{"loc":{"start":{"line":21,"column":4},"end":{"line":23,"column":5}},"type":"if","locations":[{"start":{"line":21,"column":4},"end":{"line":23,"column":5}},{"start":{"line":21,"column":4},"end":{"line":23,"column":5}}],"line":21}},"s":{"0":0,"1":0,"2":0,"3":0,"4":0},"f":{},"b":{"0":[0,0],"1":[0,0]},"inputSourceMap":{"version":3,"sources":["Team.vue"],"names":[],"mappings":";AACA;AACA;AACA;;AAEA;AACA;AACA;AACA;AACA;AACA;AACA;AACA;AACA;AACA;AACA;AACA;AACA;AACA;AACA;AACA;AACA;AACA;AACA;AACA;AACA;AACA;AACA;AACA;AACA;AACA;AACA;AACA;AACA;AACA;AACA;AACA;AACA;AACA;AACA;AACA;AACA;AACA;AACA;AACA","sourceRoot":"src/src/components","sourcesContent":["<script>\n/* eslint-disable no-unused-vars */\nimport { mapGetters } from 'vuex';\n/* eslint-enable no-unused-vars */\n\nexport default {\n  name: 'Team',\n  computed: {\n    ...mapGetters({\n      isLoggedIn: 'isLoggedIn',\n    }),\n  },\n  watch: {\n    isLoggedIn(val) {\n      if (!val) {\n        this.$router.push('/');\n      }\n    },\n  },\n  mounted() {\n    if (!this.isLoggedIn) {\n      this.$router.push('/');\n    }\n  },\n  // eslint-disable-next-line\n  render(h) {\n    return (\n      <div class=\"PageContainer\">\n        <h1> Team Name </h1>\n        <div class=\"NextOpponents\">\n          <div class=\"Cup\"></div>\n          <div class=\"Friendly\"></div>\n          <div class=\"Season\"></div>\n          <div class=\"PostSeason\"></div>\n          <div class=\"LP\"></div>\n          <div class=\"BBB\"></div>\n        </div>\n        <div class=\"Info\">\n          <div class=\"Shape\"></div>\n          <div class=\"TotalDMI\"></div>\n        </div>\n      </div>\n    );\n  },\n};\n</script>\n"]},"_coverageSchema":"332fd63041d2c1bcb487cc26dd0d5f7d97098a6c","hash":"0b990da90d5bd31dc6d1235cf8bf6d7152a39c85","l":{"15":0,"16":0,"21":0,"22":0,"27":0}},
"/home/pepj/myProj/Assist/src/src/router/index.js":{"path":"/home/pepj/myProj/Assist/src/src/router/index.js","statementMap":{"0":{"start":{"line":8,"column":0},"end":{"line":8,"column":16}}},"fnMap":{},"branchMap":{},"s":{"0":1},"f":{},"b":{},"_coverageSchema":"332fd63041d2c1bcb487cc26dd0d5f7d97098a6c","hash":"d9598f434ff75a93d3a50a00d50e4f50cb35e73d","l":{"8":1}},
"/home/pepj/myProj/Assist/src/src/store.js":{"path":"/home/pepj/myProj/Assist/src/src/store.js","statementMap":{"0":{"start":{"line":7,"column":0},"end":{"line":7,"column":14}},"1":{"start":{"line":8,"column":15},"end":{"line":8,"column":19}},"2":{"start":{"line":18,"column":6},"end":{"line":18,"column":28}},"3":{"start":{"line":21,"column":6},"end":{"line":21,"column":30}},"4":{"start":{"line":24,"column":6},"end":{"line":24,"column":24}},"5":{"start":{"line":29,"column":6},"end":{"line":46,"column":7}},"6":{"start":{"line":30,"column":8},"end":{"line":33,"column":11}},"7":{"start":{"line":31,"column":10},"end":{"line":31,"column":33}},"8":{"start":{"line":32,"column":10},"end":{"line":32,"column":28}},"9":{"start":{"line":34,"column":8},"end":{"line":34,"column":30}},"10":{"start":{"line":36,"column":8},"end":{"line":44,"column":11}},"11":{"start":{"line":37,"column":10},"end":{"line":43,"column":11}},"12":{"start":{"line":38,"column":12},"end":{"line":38,"column":34}},"13":{"start":{"line":39,"column":12},"end":{"line":39,"column":34}},"14":{"start":{"line":42,"column":12},"end":{"line":42,"column":56}},"15":{"start":{"line":45,"column":8},"end":{"line":45,"column":35}},"16":{"start":{"line":49,"column":6},"end":{"line":49,"column":30}}},"fnMap":{"0":{"name":"(anonymous_0)","decl":{"start":{"line":30,"column":28},"end":{"line":30,"column":29}},"loc":{"start":{"line":30,"column":34},"end":{"line":33,"column":9}},"line":30},"1":{"name":"(anonymous_1)","decl":{"start":{"line":36,"column":27},"end":{"line":36,"column":28}},"loc":{"start":{"line":36,"column":36},"end":{"line":44,"column":9}},"line":36}},"branchMap":{"0":{"loc":{"start":{"line":29,"column":6},"end":{"line":46,"column":7}},"type":"if","locations":[{"start":{"line":29,"column":6},"end":{"line":46,"column":7}},{"start":{"line":29,"column":6},"end":{"line":46,"column":7}}],"line":29},"1":{"loc":{"start":{"line":37,"column":10},"end":{"line":43,"column":11}},"type":"if","locations":[{"start":{"line":37,"column":10},"end":{"line":43,"column":11}},{"start":{"line":37,"column":10},"end":{"line":43,"column":11}}],"line":37}},"s":{"0":1,"1":1,"2":0,"3":0,"4":0,"5":0,"6":0,"7":0,"8":0,"9":0,"10":0,"11":0,"12":0,"13":0,"14":0,"15":0,"16":0},"f":{"0":0,"1":0},"b":{"0":[0,0],"1":[0,0]},"_coverageSchema":"332fd63041d2c1bcb487cc26dd0d5f7d97098a6c","hash":"854b7052cd5ef3eec2fbd82106dcd8b1c21ea1c6","l":{"7":1,"8":1,"18":0,"21":0,"24":0,"29":0,"30":0,"31":0,"32":0,"34":0,"36":0,"37":0,"38":0,"39":0,"42":0,"45":0,"49":0}}}
